<?xml version="1.0" encoding="utf-8"?><testsuites name="pytest tests"><testsuite name="pytest" errors="0" failures="0" skipped="0" tests="15" time="5.277" timestamp="2026-02-12T19:20:13.957582+00:00" hostname="agent-env-e1072adf-795a-4403-aebf-88049d18cda2"><testcase classname="backend.tests.test_analytics.TestAnalyticsEndpoints" name="test_analytics_summary" time="0.422" /><testcase classname="backend.tests.test_analytics.TestAnalyticsEndpoints" name="test_analytics_users" time="0.341" /><testcase classname="backend.tests.test_analytics.TestAnalyticsEndpoints" name="test_analytics_sessions" time="0.330" /><testcase classname="backend.tests.test_analytics.TestAnalyticsEndpoints" name="test_analytics_page_views" time="0.324" /><testcase classname="backend.tests.test_analytics.TestAnalyticsEndpoints" name="test_analytics_actions" time="0.325" /><testcase classname="backend.tests.test_analytics.TestAnalyticsEndpoints" name="test_track_page_view" time="0.337" /><testcase classname="backend.tests.test_analytics.TestAnalyticsEndpoints" name="test_track_action" time="0.323" /><testcase classname="backend.tests.test_analytics.TestAnalyticsEndpoints" name="test_session_start" time="0.366" /><testcase classname="backend.tests.test_analytics.TestAnalyticsEndpoints" name="test_session_end" time="0.329" /><testcase classname="backend.tests.test_analytics.TestAnalyticsEndpoints" name="test_session_heartbeat" time="0.342" /><testcase classname="backend.tests.test_analytics.TestAnalyticsEndpoints" name="test_user_details" time="0.393" /><testcase classname="backend.tests.test_analytics.TestAnalyticsEndpoints" name="test_analytics_requires_admin" time="0.349" /><testcase classname="backend.tests.test_analytics.TestAnalyticsTimeRanges" name="test_summary_7_days" time="0.339" /><testcase classname="backend.tests.test_analytics.TestAnalyticsTimeRanges" name="test_summary_14_days" time="0.373" /><testcase classname="backend.tests.test_analytics.TestAnalyticsTimeRanges" name="test_summary_90_days" time="0.327" /></testsuite></testsuites>