<?xml version="1.0" encoding="utf-8"?><testsuites name="pytest tests"><testsuite name="pytest" errors="0" failures="0" skipped="0" tests="13" time="15.651" timestamp="2026-02-19T23:27:55.064960+00:00" hostname="agent-env-961252a2-6405-4c1c-a897-d318c2ebda3a"><testcase classname="tests.test_approval_system.TestApprovalStats" name="test_approval_stats_endpoint" time="0.950" /><testcase classname="tests.test_approval_system.TestApprovalListing" name="test_list_approvals" time="0.576" /><testcase classname="tests.test_approval_system.TestApprovalListing" name="test_filter_approvals_by_status" time="0.621" /><testcase classname="tests.test_approval_system.TestApprovalListing" name="test_filter_approvals_by_unit" time="0.591" /><testcase classname="tests.test_approval_system.TestCreateApproval" name="test_create_approval_request" time="0.828" /><testcase classname="tests.test_approval_system.TestCreateApproval" name="test_approval_updates_conversation_status" time="0.990" /><testcase classname="tests.test_approval_system.TestApprovalActions" name="test_approve_request" time="1.586" /><testcase classname="tests.test_approval_system.TestApprovalActions" name="test_reject_request" time="1.618" /><testcase classname="tests.test_approval_system.TestApprovalActions" name="test_request_changes" time="1.508" /><testcase classname="tests.test_approval_system.TestApprovalActions" name="test_cannot_process_already_processed_approval" time="1.331" /><testcase classname="tests.test_approval_system.TestGetApproval" name="test_get_approval_by_id" time="1.152" /><testcase classname="tests.test_approval_system.TestGetApproval" name="test_get_nonexistent_approval" time="1.021" /><testcase classname="tests.test_approval_system.TestApprovalIntegration" name="test_full_approval_workflow" time="2.792" /></testsuite></testsuites>