<?xml version="1.0" encoding="utf-8"?><testsuites name="pytest tests"><testsuite name="pytest" errors="0" failures="0" skipped="0" tests="24" time="7.319" timestamp="2026-04-01T05:17:01.929746+00:00" hostname="agent-env-7af1eb78-1095-4c72-9a4b-7695e9bda2d2"><testcase classname="backend.tests.test_assessments.TestAssessmentPublicEndpoints" name="test_start_assessment_creates_new_record" time="0.225" /><testcase classname="backend.tests.test_assessments.TestAssessmentPublicEndpoints" name="test_start_assessment_resumes_existing" time="0.290" /><testcase classname="backend.tests.test_assessments.TestAssessmentPublicEndpoints" name="test_start_assessment_invalid_email" time="0.099" /><testcase classname="backend.tests.test_assessments.TestAssessmentPublicEndpoints" name="test_save_answers" time="0.205" /><testcase classname="backend.tests.test_assessments.TestAssessmentPublicEndpoints" name="test_save_answers_not_found" time="0.103" /><testcase classname="backend.tests.test_assessments.TestAssessmentPublicEndpoints" name="test_save_timer" time="0.194" /><testcase classname="backend.tests.test_assessments.TestAssessmentPublicEndpoints" name="test_save_final_details" time="0.251" /><testcase classname="backend.tests.test_assessments.TestAssessmentPublicEndpoints" name="test_save_final_details_with_hybrid_preference" time="0.327" /><testcase classname="backend.tests.test_assessments.TestAssessmentPublicEndpoints" name="test_lookup_assessment" time="0.249" /><testcase classname="backend.tests.test_assessments.TestAssessmentPublicEndpoints" name="test_lookup_assessment_not_found" time="0.099" /><testcase classname="backend.tests.test_assessments.TestAssessmentPublicEndpoints" name="test_get_assessment_by_id" time="0.210" /><testcase classname="backend.tests.test_assessments.TestAssessmentAdminEndpoints" name="test_admin_list_assessments" time="0.442" /><testcase classname="backend.tests.test_assessments.TestAssessmentAdminEndpoints" name="test_admin_list_filter_completed" time="0.421" /><testcase classname="backend.tests.test_assessments.TestAssessmentAdminEndpoints" name="test_admin_list_filter_in_progress" time="0.490" /><testcase classname="backend.tests.test_assessments.TestAssessmentAdminEndpoints" name="test_admin_get_assessment_detail" time="0.535" /><testcase classname="backend.tests.test_assessments.TestAssessmentAdminEndpoints" name="test_admin_get_assessment_not_found" time="0.459" /><testcase classname="backend.tests.test_assessments.TestAssessmentAdminEndpoints" name="test_admin_export_json" time="0.444" /><testcase classname="backend.tests.test_assessments.TestAssessmentAdminEndpoints" name="test_admin_export_csv" time="0.455" /><testcase classname="backend.tests.test_assessments.TestAssessmentAdminEndpoints" name="test_admin_export_single" time="0.560" /><testcase classname="backend.tests.test_assessments.TestAssessmentAdminAuthRequired" name="test_admin_list_requires_auth" time="0.102" /><testcase classname="backend.tests.test_assessments.TestAssessmentAdminAuthRequired" name="test_admin_detail_requires_auth" time="0.099" /><testcase classname="backend.tests.test_assessments.TestAssessmentAdminAuthRequired" name="test_admin_export_json_requires_auth" time="0.097" /><testcase classname="backend.tests.test_assessments.TestAssessmentAdminAuthRequired" name="test_admin_export_csv_requires_auth" time="0.104" /><testcase classname="backend.tests.test_assessments.TestAssessmentFullFlow" name="test_complete_assessment_flow" time="0.776" /></testsuite></testsuites>