<?xml version="1.0" encoding="utf-8"?><testsuites name="pytest tests"><testsuite name="pytest" errors="0" failures="0" skipped="0" tests="24" time="8.265" timestamp="2026-04-01T05:45:35.886662+00:00" hostname="agent-env-7af1eb78-1095-4c72-9a4b-7695e9bda2d2"><testcase classname="backend.tests.test_assessments.TestAssessmentPublicEndpoints" name="test_start_assessment_creates_new_record" time="0.170" /><testcase classname="backend.tests.test_assessments.TestAssessmentPublicEndpoints" name="test_start_assessment_resumes_existing" time="0.228" /><testcase classname="backend.tests.test_assessments.TestAssessmentPublicEndpoints" name="test_start_assessment_invalid_email" time="0.132" /><testcase classname="backend.tests.test_assessments.TestAssessmentPublicEndpoints" name="test_save_answers" time="0.275" /><testcase classname="backend.tests.test_assessments.TestAssessmentPublicEndpoints" name="test_save_answers_not_found" time="0.096" /><testcase classname="backend.tests.test_assessments.TestAssessmentPublicEndpoints" name="test_save_timer" time="0.232" /><testcase classname="backend.tests.test_assessments.TestAssessmentPublicEndpoints" name="test_save_final_details" time="0.229" /><testcase classname="backend.tests.test_assessments.TestAssessmentPublicEndpoints" name="test_save_final_details_with_hybrid_preference" time="0.331" /><testcase classname="backend.tests.test_assessments.TestAssessmentPublicEndpoints" name="test_lookup_assessment" time="0.194" /><testcase classname="backend.tests.test_assessments.TestAssessmentPublicEndpoints" name="test_lookup_assessment_not_found" time="0.094" /><testcase classname="backend.tests.test_assessments.TestAssessmentPublicEndpoints" name="test_get_assessment_by_id" time="0.196" /><testcase classname="backend.tests.test_assessments.TestAssessmentAdminEndpoints" name="test_admin_list_assessments" time="1.485" /><testcase classname="backend.tests.test_assessments.TestAssessmentAdminEndpoints" name="test_admin_list_filter_completed" time="0.447" /><testcase classname="backend.tests.test_assessments.TestAssessmentAdminEndpoints" name="test_admin_list_filter_in_progress" time="0.451" /><testcase classname="backend.tests.test_assessments.TestAssessmentAdminEndpoints" name="test_admin_get_assessment_detail" time="0.515" /><testcase classname="backend.tests.test_assessments.TestAssessmentAdminEndpoints" name="test_admin_get_assessment_not_found" time="0.441" /><testcase classname="backend.tests.test_assessments.TestAssessmentAdminEndpoints" name="test_admin_export_json" time="0.453" /><testcase classname="backend.tests.test_assessments.TestAssessmentAdminEndpoints" name="test_admin_export_csv" time="0.420" /><testcase classname="backend.tests.test_assessments.TestAssessmentAdminEndpoints" name="test_admin_export_single" time="0.579" /><testcase classname="backend.tests.test_assessments.TestAssessmentAdminAuthRequired" name="test_admin_list_requires_auth" time="0.101" /><testcase classname="backend.tests.test_assessments.TestAssessmentAdminAuthRequired" name="test_admin_detail_requires_auth" time="0.094" /><testcase classname="backend.tests.test_assessments.TestAssessmentAdminAuthRequired" name="test_admin_export_json_requires_auth" time="0.094" /><testcase classname="backend.tests.test_assessments.TestAssessmentAdminAuthRequired" name="test_admin_export_csv_requires_auth" time="0.112" /><testcase classname="backend.tests.test_assessments.TestAssessmentFullFlow" name="test_complete_assessment_flow" time="0.808" /></testsuite></testsuites>