<?xml version="1.0" encoding="utf-8"?><testsuites name="pytest tests"><testsuite name="pytest" errors="0" failures="0" skipped="0" tests="11" time="6.171" timestamp="2026-05-26T01:04:54.049742+00:00" hostname="agent-env-7af1eb78-1095-4c72-9a4b-7695e9bda2d2"><testcase classname="backend.tests.test_flow_v2_restructure.TestBoard10Stages" name="test_board_returns_10_stages_with_tracks" time="0.681" /><testcase classname="backend.tests.test_flow_v2_restructure.TestStage2Gate" name="test_transition_to_2_without_owner_returns_400" time="0.453" /><testcase classname="backend.tests.test_flow_v2_restructure.TestStage2Gate" name="test_transition_to_2_with_owner_succeeds" time="0.849" /><testcase classname="backend.tests.test_flow_v2_restructure.TestStage5GateAndSplit" name="test_transition_to_5_without_engineer_returns_400" time="1.287" /><testcase classname="backend.tests.test_flow_v2_restructure.TestStage5GateAndSplit" name="test_transition_to_5_with_both_owners_splits" time="2.012" /><testcase classname="backend.tests.test_flow_v2_restructure.TestBuildEndpoints" name="test_build_update_writes_status_and_comment" time="0.226" /><testcase classname="backend.tests.test_flow_v2_restructure.TestBuildEndpoints" name="test_build_update_rejected_on_proposal_track" time="0.112" /><testcase classname="backend.tests.test_flow_v2_restructure.TestBuildEndpoints" name="test_invalid_build_status_returns_400" time="0.126" /><testcase classname="backend.tests.test_flow_v2_restructure.TestUsersByRole" name="test_valid_flag_returns_list" time="0.098" /><testcase classname="backend.tests.test_flow_v2_restructure.TestUsersByRole" name="test_invalid_flag_returns_400" time="0.137" /><testcase classname="backend.tests.test_flow_v2_restructure.TestDashboardNewShape" name="test_dashboard_has_new_fields" time="0.115" /></testsuite></testsuites>