<?xml version="1.0" encoding="utf-8"?><testsuites name="pytest tests"><testsuite name="pytest" errors="0" failures="0" skipped="0" tests="17" time="2.855" timestamp="2026-05-25T23:59:11.510317+00:00" hostname="agent-env-7af1eb78-1095-4c72-9a4b-7695e9bda2d2"><testcase classname="backend.tests.test_flow.TestFlowProjects" name="test_create_project_at_stage_1" time="0.748" /><testcase classname="backend.tests.test_flow.TestFlowProjects" name="test_board_returns_12_stages_and_keyed_board" time="0.052" /><testcase classname="backend.tests.test_flow.TestFlowProjects" name="test_transition_stage_advances" time="0.552" /><testcase classname="backend.tests.test_flow.TestFlowProjects" name="test_get_project_has_history" time="0.049" /><testcase classname="backend.tests.test_flow.TestFlowProjects" name="test_assign_owner" time="0.102" /><testcase classname="backend.tests.test_flow.TestFlowProjects" name="test_lose_project" time="0.106" /><testcase classname="backend.tests.test_flow.TestFlowContacts" name="test_create_contact_with_birthday_creates_event" time="0.121" /><testcase classname="backend.tests.test_flow.TestFlowProspects" name="test_create_and_hand_off" time="0.114" /><testcase classname="backend.tests.test_flow.TestFlowTickets" name="test_ticket_workflow" time="0.255" /><testcase classname="backend.tests.test_flow.TestFlowMessages" name="test_tier1_message_pending_then_approve_send" time="0.165" /><testcase classname="backend.tests.test_flow.TestFlowMessages" name="test_tier2_message_auto_approved" time="0.049" /><testcase classname="backend.tests.test_flow.TestFlowMessages" name="test_invalid_action_400" time="0.098" /><testcase classname="backend.tests.test_flow.TestFlowRoles" name="test_roles_returns_9_flags" time="0.051" /><testcase classname="backend.tests.test_flow.TestFlowRoles" name="test_assign_invalid_flag_400" time="0.058" /><testcase classname="backend.tests.test_flow.TestFlowRoles" name="test_assign_valid_flag_then_revoke" time="0.149" /><testcase classname="backend.tests.test_flow.TestFlowDashboard" name="test_dashboard_returns_expected_keys" time="0.051" /><testcase classname="backend.tests.test_flow.TestFlowAudit" name="test_audit_log_filter_by_project" time="0.050" /></testsuite></testsuites>