<?xml version="1.0" encoding="utf-8"?><testsuites name="pytest tests"><testsuite name="pytest" errors="0" failures="0" skipped="0" tests="12" time="16.471" timestamp="2026-02-19T23:10:18.543899+00:00" hostname="agent-env-961252a2-6405-4c1c-a897-d318c2ebda3a"><testcase classname="tests.test_flowforge.TestFlowForgeHealth" name="test_health_endpoint_returns_healthy" time="0.409" /><testcase classname="tests.test_flowforge.TestFlowForgeConversations" name="test_create_conversation" time="0.595" /><testcase classname="tests.test_flowforge.TestFlowForgeConversations" name="test_get_conversation" time="0.879" /><testcase classname="tests.test_flowforge.TestFlowForgeConversations" name="test_list_conversations" time="0.582" /><testcase classname="tests.test_flowforge.TestFlowForgeConversations" name="test_list_conversations_by_unit" time="0.702" /><testcase classname="tests.test_flowforge.TestFlowForgeConversations" name="test_update_conversation" time="0.801" /><testcase classname="tests.test_flowforge.TestFlowForgeMessages" name="test_add_message" time="0.925" /><testcase classname="tests.test_flowforge.TestFlowForgeMessages" name="test_add_assistant_message" time="0.934" /><testcase classname="tests.test_flowforge.TestFlowForgeMessages" name="test_get_messages" time="1.575" /><testcase classname="tests.test_flowforge.TestFlowForgeMessages" name="test_message_persistence_in_supabase" time="1.163" /><testcase classname="tests.test_flowforge.TestFlowForgeAIGeneration" name="test_generate_response" time="6.792" /><testcase classname="tests.test_flowforge.TestFlowForgeBuildHistory" name="test_build_history_for_unit" time="1.041" /></testsuite></testsuites>