<?xml version="1.0" encoding="utf-8"?><testsuites name="pytest tests"><testsuite name="pytest" errors="0" failures="0" skipped="0" tests="12" time="13.186" timestamp="2026-02-22T01:58:30.107712+00:00" hostname="agent-env-9e47d1e6-1ff1-46f6-b330-f411032d5bb2"><testcase classname="tests.test_n8n_deployment.TestN8nDeployment" name="test_flowforge_health" time="0.633" /><testcase classname="tests.test_n8n_deployment.TestN8nDeployment" name="test_get_deployed_tools_for_unit" time="0.674" /><testcase classname="tests.test_n8n_deployment.TestN8nDeployment" name="test_get_deployed_tools_with_n8n_workflow_id" time="0.638" /><testcase classname="tests.test_n8n_deployment.TestN8nDeployment" name="test_get_specific_deployed_tool" time="0.871" /><testcase classname="tests.test_n8n_deployment.TestN8nDeployment" name="test_activate_tool_requires_admin" time="1.507" /><testcase classname="tests.test_n8n_deployment.TestN8nDeployment" name="test_activate_tool_without_workflow_id_fails" time="0.841" /><testcase classname="tests.test_n8n_deployment.TestN8nDeployment" name="test_get_approvals_list" time="0.637" /><testcase classname="tests.test_n8n_deployment.TestN8nDeployment" name="test_get_pending_approvals" time="0.531" /><testcase classname="tests.test_n8n_deployment.TestN8nDeployment" name="test_get_approval_stats" time="0.815" /><testcase classname="tests.test_n8n_deployment.TestN8nDeployment" name="test_create_approval_and_approve_flow" time="3.150" /><testcase classname="tests.test_n8n_deployment.TestN8nDeployment" name="test_reject_approval_flow" time="1.442" /><testcase classname="tests.test_n8n_deployment.TestN8nDeployment" name="test_request_changes_flow" time="1.362" /></testsuite></testsuites>