<?xml version="1.0" encoding="utf-8"?><testsuites name="pytest tests"><testsuite name="pytest" errors="0" failures="0" skipped="0" tests="2" time="3.325" timestamp="2026-04-28T22:37:12.083141+00:00" hostname="agent-env-7af1eb78-1095-4c72-9a4b-7695e9bda2d2"><testcase classname="backend.tests.test_new_project_and_deployed_tools" name="test_create_project_with_website_and_multi_docs" time="1.180" /><testcase classname="backend.tests.test_new_project_and_deployed_tools" name="test_flowforge_tools_per_unit" time="2.095" /></testsuite></testsuites>