<?xml version="1.0" encoding="utf-8"?><testsuites name="pytest tests"><testsuite name="pytest" errors="0" failures="0" skipped="0" tests="9" time="13.506" timestamp="2026-02-20T00:33:57.562639+00:00" hostname="agent-env-7e833dc4-49b4-454d-a4f3-df31192c0c73"><testcase classname="backend.tests.test_phase4_voice_integration.TestPhase4VoiceAndIntegrations" name="test_flowforge_health" time="0.749" /><testcase classname="backend.tests.test_phase4_voice_integration.TestPhase4VoiceAndIntegrations" name="test_get_integrations_list" time="0.137" /><testcase classname="backend.tests.test_phase4_voice_integration.TestPhase4VoiceAndIntegrations" name="test_check_integrations_api" time="0.119" /><testcase classname="backend.tests.test_phase4_voice_integration.TestPhase4VoiceAndIntegrations" name="test_transcribe_requires_auth" time="0.185" /><testcase classname="backend.tests.test_phase4_voice_integration.TestPhase4VoiceAndIntegrations" name="test_transcribe_validates_file_type" time="0.107" /><testcase classname="backend.tests.test_phase4_voice_integration.TestPhase4VoiceAndIntegrations" name="test_transcribe_with_valid_audio" time="0.560" /><testcase classname="backend.tests.test_phase4_voice_integration.TestPhase4VoiceAndIntegrations" name="test_transcribe_webm_format" time="7.033" /><testcase classname="backend.tests.test_phase4_voice_integration.TestPhase4VoiceAndIntegrations" name="test_generate_workflow_includes_integration_check" time="4.391" /><testcase classname="backend.tests.test_phase4_voice_integration.TestPhase4VoiceAndIntegrations" name="test_integrations_table_has_data" time="0.172" /></testsuite></testsuites>