<?xml version="1.0" encoding="utf-8"?><testsuites name="pytest tests"><testsuite name="pytest" errors="0" failures="0" skipped="0" tests="11" time="26.219" timestamp="2026-02-19T23:49:15.543953+00:00" hostname="agent-env-7e833dc4-49b4-454d-a4f3-df31192c0c73"><testcase classname="backend.tests.test_phase3_duplicate_detection.TestFlowForgeHealth" name="test_health_returns_supabase_connected" time="0.295" /><testcase classname="backend.tests.test_phase3_duplicate_detection.TestInventorySync" name="test_inventory_sync_endpoint" time="2.688" /><testcase classname="backend.tests.test_phase3_duplicate_detection.TestInventoryList" name="test_inventory_list_returns_workflows" time="0.689" /><testcase classname="backend.tests.test_phase3_duplicate_detection.TestInventoryList" name="test_inventory_list_with_unit_filter" time="0.583" /><testcase classname="backend.tests.test_phase3_duplicate_detection.TestInventorySearch" name="test_inventory_search_endpoint" time="0.528" /><testcase classname="backend.tests.test_phase3_duplicate_detection.TestInventorySearch" name="test_inventory_search_with_different_queries" time="0.968" /><testcase classname="backend.tests.test_phase3_duplicate_detection.TestDuplicateDetectionInGenerate" name="test_generate_with_check_duplicates_true" time="7.504" /><testcase classname="backend.tests.test_phase3_duplicate_detection.TestDuplicateDetectionInGenerate" name="test_generate_without_duplicate_check" time="5.428" /><testcase classname="backend.tests.test_phase3_duplicate_detection.TestDuplicateAlertStructure" name="test_duplicate_data_structure_when_found" time="5.413" /><testcase classname="backend.tests.test_phase3_duplicate_detection.TestMessageWithDuplicateData" name="test_save_message_with_duplicate_data" time="0.966" /><testcase classname="backend.tests.test_phase3_duplicate_detection.TestMessageWithDuplicateData" name="test_retrieve_message_with_duplicate_data" time="1.095" /></testsuite></testsuites>