<?xml version="1.0" encoding="utf-8"?><testsuites name="pytest tests"><testsuite name="pytest" errors="0" failures="0" skipped="0" tests="16" time="19.305" timestamp="2026-02-22T03:34:51.856477+00:00" hostname="agent-env-210a015b-454f-498a-8b35-fc05a84b35ff"><testcase classname="backend.tests.test_portal_native_forms.TestFlowForgeHealth" name="test_flowforge_health_endpoint" time="0.374" /><testcase classname="backend.tests.test_portal_native_forms.TestDeployedTools" name="test_get_deployed_tools_returns_list" time="0.958" /><testcase classname="backend.tests.test_portal_native_forms.TestDeployedTools" name="test_deployed_tools_have_required_fields" time="0.890" /><testcase classname="backend.tests.test_portal_native_forms.TestDeployedTools" name="test_deployed_tools_filter_by_unit" time="0.958" /><testcase classname="backend.tests.test_portal_native_forms.TestDeployedTools" name="test_deployed_tools_have_workflow_info" time="1.007" /><testcase classname="backend.tests.test_portal_native_forms.TestToolFormFields" name="test_get_form_fields_for_existing_tool" time="1.227" /><testcase classname="backend.tests.test_portal_native_forms.TestToolFormFields" name="test_form_fields_have_required_properties" time="1.249" /><testcase classname="backend.tests.test_portal_native_forms.TestToolFormFields" name="test_form_fields_include_select_options" time="1.272" /><testcase classname="backend.tests.test_portal_native_forms.TestToolFormFields" name="test_get_form_fields_returns_404_for_nonexistent_tool" time="0.562" /><testcase classname="backend.tests.test_portal_native_forms.TestToolExecution" name="test_execute_requires_authentication" time="0.519" /><testcase classname="backend.tests.test_portal_native_forms.TestToolExecution" name="test_execute_returns_400_for_tool_without_workflow" time="1.197" /><testcase classname="backend.tests.test_portal_native_forms.TestToolExecution" name="test_execute_with_form_data" time="5.123" /><testcase classname="backend.tests.test_portal_native_forms.TestToolExecution" name="test_execute_updates_execution_stats" time="1.923" /><testcase classname="backend.tests.test_portal_native_forms.TestSpecificToolID" name="test_specific_tool_exists" time="0.738" /><testcase classname="backend.tests.test_portal_native_forms.TestSpecificToolID" name="test_specific_tool_has_8_form_fields" time="0.571" /><testcase classname="backend.tests.test_portal_native_forms.TestSpecificToolID" name="test_specific_tool_form_field_types" time="0.669" /></testsuite></testsuites>