<?xml version="1.0" encoding="utf-8"?><testsuites name="pytest tests"><testsuite name="pytest" errors="0" failures="1" skipped="0" tests="19" time="6.075" timestamp="2026-04-28T21:30:45.263329+00:00" hostname="agent-env-7af1eb78-1095-4c72-9a4b-7695e9bda2d2"><testcase classname="backend.tests.test_project_delivery.TestAuthAndSetup" name="test_login_success" time="0.559" /><testcase classname="backend.tests.test_project_delivery.TestAuthAndSetup" name="test_auth_me_returns_user_with_roles" time="0.051" /><testcase classname="backend.tests.test_project_delivery.TestUserManagement" name="test_get_users_list" time="0.449" /><testcase classname="backend.tests.test_project_delivery.TestProjectsAPI" name="test_list_projects" time="0.478" /><testcase classname="backend.tests.test_project_delivery.TestProjectsAPI" name="test_get_project_pipeline" time="0.052" /><testcase classname="backend.tests.test_project_delivery.TestProjectsAPI" name="test_get_engineer_workload" time="0.052" /><testcase classname="backend.tests.test_project_delivery.TestProjectsAPI" name="test_get_notifications_badge" time="0.054" /><testcase classname="backend.tests.test_project_delivery.TestProjectCreation" name="test_create_project_with_files" time="0.445" /><testcase classname="backend.tests.test_project_delivery.TestProjectCreation" name="test_get_created_project" time="0.049" /><testcase classname="backend.tests.test_project_delivery.TestProjectDelegation" name="test_delegate_project" time="0.610" /><testcase classname="backend.tests.test_project_delivery.TestProjectReview" name="test_open_review" time="0.689" /><testcase classname="backend.tests.test_project_delivery.TestProjectReview" name="test_submit_approval_decision" time="0.217" /><testcase classname="backend.tests.test_project_delivery.TestProjectTracker" name="test_start_build" time="0.713" /><testcase classname="backend.tests.test_project_delivery.TestProjectTracker" name="test_submit_tracker_standup" time="0.059" /><testcase classname="backend.tests.test_project_delivery.TestProjectTracker" name="test_get_tracker_history" time="0.051" /><testcase classname="backend.tests.test_project_delivery.TestProjectCompletion" name="test_complete_project" time="0.836" /><testcase classname="backend.tests.test_project_delivery.TestErrorHandling" name="test_get_nonexistent_project" time="0.482" /><testcase classname="backend.tests.test_project_delivery.TestErrorHandling" name="test_delegate_nonexistent_project" time="0.057" /><testcase classname="backend.tests.test_project_delivery.TestErrorHandling" name="test_unauthenticated_access" time="0.054"><failure message="assert 200 == 401&#10; +  where 200 = &lt;Response [200]&gt;.status_code">backend/tests/test_project_delivery.py:625: in test_unauthenticated_access
    assert response.status_code == 401
E   assert 200 == 401
E    +  where 200 = &lt;Response [200]&gt;.status_code</failure></testcase></testsuite></testsuites>