<?xml version="1.0" encoding="utf-8"?><testsuites name="pytest tests"><testsuite name="pytest" errors="0" failures="0" skipped="0" tests="14" time="1.727" timestamp="2026-02-12T17:52:41.542263+00:00" hostname="agent-env-17b6082d-8a6a-4161-b062-40889aff54ac"><testcase classname="backend.tests.test_proposals.TestProposalManagement" name="test_get_clients_list" time="0.582" /><testcase classname="backend.tests.test_proposals.TestProposalManagement" name="test_create_client" time="0.055" /><testcase classname="backend.tests.test_proposals.TestProposalManagement" name="test_create_duplicate_client_fails" time="0.123" /><testcase classname="backend.tests.test_proposals.TestProposalManagement" name="test_get_client_proposals_empty" time="0.081" /><testcase classname="backend.tests.test_proposals.TestProposalManagement" name="test_delete_client" time="0.084" /><testcase classname="backend.tests.test_proposals.TestProposalManagement" name="test_upload_proposal" time="0.130" /><testcase classname="backend.tests.test_proposals.TestProposalManagement" name="test_upload_invalid_file_type" time="0.080" /><testcase classname="backend.tests.test_proposals.TestProposalManagement" name="test_get_all_proposals" time="0.054" /><testcase classname="backend.tests.test_proposals.TestProposalManagement" name="test_delete_proposal" time="0.175" /><testcase classname="backend.tests.test_proposals.TestProposalManagement" name="test_regenerate_share_link" time="0.142" /><testcase classname="backend.tests.test_proposals.TestProposalManagement" name="test_public_share_link_access" time="0.043" /><testcase classname="backend.tests.test_proposals.TestProposalManagement" name="test_public_download_link" time="0.040" /><testcase classname="backend.tests.test_proposals.TestProposalManagement" name="test_invalid_share_token" time="0.042" /><testcase classname="backend.tests.test_proposals.TestProposalManagement" name="test_cleanup_test_clients" time="0.025" /></testsuite></testsuites>